0 info it worked if it ends with ok
1 verbose cli [ 'node', '/usr/bin/npm', 'install', '-g', 'nodemon' ]
2 info using npm@1.3.6
3 info using node@v0.10.25
4 verbose cache add [ 'nodemon', null ]
5 verbose cache add name=undefined spec="nodemon" args=["nodemon",null]
6 verbose parsed url { protocol: null,
6 verbose parsed url   slashes: null,
6 verbose parsed url   auth: null,
6 verbose parsed url   host: null,
6 verbose parsed url   port: null,
6 verbose parsed url   hostname: null,
6 verbose parsed url   hash: null,
6 verbose parsed url   search: null,
6 verbose parsed url   query: null,
6 verbose parsed url   pathname: 'nodemon',
6 verbose parsed url   path: 'nodemon',
6 verbose parsed url   href: 'nodemon' }
7 silly lockFile 1625b929-nodemon nodemon
8 verbose lock nodemon /home/gleki/.npm/1625b929-nodemon.lock
9 silly lockFile 1625b929-nodemon nodemon
10 silly lockFile 1625b929-nodemon nodemon
11 verbose addNamed [ 'nodemon', '' ]
12 verbose addNamed [ null, '*' ]
13 silly lockFile 4f5e51c6-nodemon nodemon@
14 verbose lock nodemon@ /home/gleki/.npm/4f5e51c6-nodemon.lock
15 silly addNameRange { name: 'nodemon', range: '*', hasData: false }
16 verbose url raw nodemon
17 verbose url resolving [ 'https://registry.npmjs.org/', './nodemon' ]
18 verbose url resolved https://registry.npmjs.org/nodemon
19 info trying registry request attempt 1 at 08:24:59
20 http GET https://registry.npmjs.org/nodemon
21 http 200 https://registry.npmjs.org/nodemon
22 silly registry.get cb [ 200,
22 silly registry.get   { date: 'Wed, 06 Aug 2014 15:25:00 GMT',
22 silly registry.get     server: 'CouchDB/1.5.0 (Erlang OTP/R16B03)',
22 silly registry.get     etag: '"ES0OR558SP73XOK2JXQVC2KJR"',
22 silly registry.get     'content-type': 'application/json',
22 silly registry.get     'cache-control': 'max-age=60',
22 silly registry.get     'content-length': '122292',
22 silly registry.get     'accept-ranges': 'bytes',
22 silly registry.get     via: '1.1 varnish',
22 silly registry.get     age: '539',
22 silly registry.get     'x-served-by': 'cache-sjc3121-SJC',
22 silly registry.get     'x-cache': 'HIT',
22 silly registry.get     'x-cache-hits': '1',
22 silly registry.get     'x-timer': 'S1407338699.757504,VS0,VE355',
22 silly registry.get     vary: 'Accept',
22 silly registry.get     'keep-alive': 'timeout=10, max=50',
22 silly registry.get     connection: 'Keep-Alive' } ]
23 silly addNameRange number 2 { name: 'nodemon', range: '*', hasData: true }
24 silly addNameRange versions [ 'nodemon',
24 silly addNameRange   [ '0.1.4',
24 silly addNameRange     '0.1.5',
24 silly addNameRange     '0.1.6',
24 silly addNameRange     '0.1.7',
24 silly addNameRange     '0.1.8',
24 silly addNameRange     '0.2.0',
24 silly addNameRange     '0.2.1',
24 silly addNameRange     '0.2.2',
24 silly addNameRange     '0.3.0',
24 silly addNameRange     '0.3.1',
24 silly addNameRange     '0.3.2',
24 silly addNameRange     '0.4.0',
24 silly addNameRange     '0.4.1',
24 silly addNameRange     '0.5.0',
24 silly addNameRange     '0.5.1',
24 silly addNameRange     '0.5.2',
24 silly addNameRange     '0.5.3',
24 silly addNameRange     '0.5.4',
24 silly addNameRange     '0.5.5',
24 silly addNameRange     '0.5.6',
24 silly addNameRange     '0.5.7',
24 silly addNameRange     '0.6.0',
24 silly addNameRange     '0.6.1',
24 silly addNameRange     '0.6.2',
24 silly addNameRange     '0.6.3',
24 silly addNameRange     '0.6.4',
24 silly addNameRange     '0.6.5',
24 silly addNameRange     '0.6.6',
24 silly addNameRange     '0.6.7',
24 silly addNameRange     '0.6.8',
24 silly addNameRange     '0.6.9',
24 silly addNameRange     '0.6.10',
24 silly addNameRange     '0.6.11',
24 silly addNameRange     '0.6.12',
24 silly addNameRange     '0.6.13',
24 silly addNameRange     '0.6.14',
24 silly addNameRange     '0.6.15',
24 silly addNameRange     '0.6.16',
24 silly addNameRange     '0.6.17',
24 silly addNameRange     '0.6.18',
24 silly addNameRange     '0.6.19',
24 silly addNameRange     '0.6.20',
24 silly addNameRange     '0.6.21',
24 silly addNameRange     '0.6.22',
24 silly addNameRange     '0.6.23',
24 silly addNameRange     '0.7.0',
24 silly addNameRange     '0.7.1',
24 silly addNameRange     '0.7.2',
24 silly addNameRange     '0.7.3',
24 silly addNameRange     '0.7.4',
24 silly addNameRange     '0.7.5',
24 silly addNameRange     '0.7.6',
24 silly addNameRange     '0.7.7',
24 silly addNameRange     '0.7.8',
24 silly addNameRange     '0.7.10',
24 silly addNameRange     '0.9.0',
24 silly addNameRange     '0.9.1',
24 silly addNameRange     '0.9.2',
24 silly addNameRange     '0.9.3',
24 silly addNameRange     '0.9.5',
24 silly addNameRange     '0.9.6',
24 silly addNameRange     '0.9.7',
24 silly addNameRange     '0.9.10',
24 silly addNameRange     '0.9.11',
24 silly addNameRange     '0.9.12',
24 silly addNameRange     '0.9.14',
24 silly addNameRange     '0.9.16',
24 silly addNameRange     '0.9.17',
24 silly addNameRange     '1.0.0',
24 silly addNameRange     '1.0.1',
24 silly addNameRange     '1.0.2',
24 silly addNameRange     '1.0.2-rc',
24 silly addNameRange     '0.6.10-a',
24 silly addNameRange     '1.0.2-rc3',
24 silly addNameRange     '1.0.2-rc4',
24 silly addNameRange     '1.0.3',
24 silly addNameRange     '1.0.4',
24 silly addNameRange     '1.0.5',
24 silly addNameRange     '1.0.6',
24 silly addNameRange     '1.0.7',
24 silly addNameRange     '1.0.8',
24 silly addNameRange     '1.0.9',
24 silly addNameRange     '1.0.10',
24 silly addNameRange     '1.0.11',
24 silly addNameRange     '1.0.12',
24 silly addNameRange     '1.0.13',
24 silly addNameRange     '1.0.14',
24 silly addNameRange     '1.0.15',
24 silly addNameRange     '1.0.16',
24 silly addNameRange     '1.0.17-rc1',
24 silly addNameRange     '1.0.17-rc2',
24 silly addNameRange     '1.0.17',
24 silly addNameRange     '1.0.18',
24 silly addNameRange     '1.0.19',
24 silly addNameRange     '1.0.20',
24 silly addNameRange     '1.1.0-alpha',
24 silly addNameRange     '1.1.0',
24 silly addNameRange     '1.1.1',
24 silly addNameRange     '1.2.0',
24 silly addNameRange     '1.2.1' ] ]
25 verbose addNamed [ 'nodemon', '1.2.1' ]
26 verbose addNamed [ '1.2.1', '1.2.1' ]
27 silly lockFile 891e98f0-nodemon-1-2-1 nodemon@1.2.1
28 verbose lock nodemon@1.2.1 /home/gleki/.npm/891e98f0-nodemon-1-2-1.lock
29 silly lockFile 85afaeac-js-org-nodemon-nodemon-1-2-1-tgz https://registry.npmjs.org/nodemon/-/nodemon-1.2.1.tgz
30 verbose lock https://registry.npmjs.org/nodemon/-/nodemon-1.2.1.tgz /home/gleki/.npm/85afaeac-js-org-nodemon-nodemon-1-2-1-tgz.lock
31 verbose addRemoteTarball [ 'https://registry.npmjs.org/nodemon/-/nodemon-1.2.1.tgz',
31 verbose addRemoteTarball   '02a288045652e92350e7d752a8054472ed2c4824' ]
32 info retry fetch attempt 1 at 08:25:00
33 verbose fetch to= /home/gleki/tmp/npm-31024-re-Nq2mm/1407338700284-0.4014381228480488/tmp.tgz
34 http GET https://registry.npmjs.org/nodemon/-/nodemon-1.2.1.tgz
35 http 200 https://registry.npmjs.org/nodemon/-/nodemon-1.2.1.tgz
36 verbose tar unpack /home/gleki/tmp/npm-31024-re-Nq2mm/1407338700284-0.4014381228480488/tmp.tgz
37 silly lockFile 1cfe5a7a-00284-0-4014381228480488-package tar:///home/gleki/tmp/npm-31024-re-Nq2mm/1407338700284-0.4014381228480488/package
38 verbose lock tar:///home/gleki/tmp/npm-31024-re-Nq2mm/1407338700284-0.4014381228480488/package /home/gleki/.npm/1cfe5a7a-00284-0-4014381228480488-package.lock
39 silly lockFile 731fcec4-00284-0-4014381228480488-tmp-tgz tar:///home/gleki/tmp/npm-31024-re-Nq2mm/1407338700284-0.4014381228480488/tmp.tgz
40 verbose lock tar:///home/gleki/tmp/npm-31024-re-Nq2mm/1407338700284-0.4014381228480488/tmp.tgz /home/gleki/.npm/731fcec4-00284-0-4014381228480488-tmp-tgz.lock
41 silly gunzTarPerm modes [ '755', '644' ]
42 silly gunzTarPerm extractEntry package.json
43 silly gunzTarPerm extractEntry .npmignore
44 silly gunzTarPerm extractEntry README.md
45 silly gunzTarPerm extractEntry bin/nodemon.js
46 silly gunzTarPerm extractEntry .jshintrc
47 silly gunzTarPerm extractEntry .travis.yml
48 silly gunzTarPerm extractEntry doc/arch.md
49 silly gunzTarPerm extractEntry doc/cli/authors.txt
50 silly gunzTarPerm extractEntry doc/cli/config.txt
51 silly gunzTarPerm extractEntry doc/cli/help.txt
52 silly gunzTarPerm extractEntry doc/cli/logo.txt
53 silly gunzTarPerm extractEntry doc/cli/topics.txt
54 silly gunzTarPerm extractEntry doc/cli/usage.txt
55 silly gunzTarPerm extractEntry doc/cli/whoami.txt
56 silly gunzTarPerm extractEntry doc/events.md
57 silly gunzTarPerm extractEntry doc/requireable.md
58 silly gunzTarPerm extractEntry doc/rules.md
59 silly gunzTarPerm extractEntry doc/sample-nodemon.md
60 silly gunzTarPerm extractEntry faq.md
61 silly gunzTarPerm extractEntry lib/index.js
62 silly gunzTarPerm extractEntry lib/nodemon.js
63 silly gunzTarPerm extractEntry lib/version.js
64 silly gunzTarPerm extractEntry lib/cli/index.js
65 silly gunzTarPerm extractEntry lib/cli/parse.js
66 silly gunzTarPerm extractEntry lib/config/checkWatchSupport.js
67 silly gunzTarPerm extractEntry lib/config/command.js
68 silly gunzTarPerm extractEntry lib/config/defaults.js
69 silly gunzTarPerm extractEntry lib/config/exec.js
70 silly gunzTarPerm extractEntry lib/config/index.js
71 silly gunzTarPerm extractEntry lib/config/load.js
72 silly gunzTarPerm extractEntry lib/config/watchable.js
73 silly gunzTarPerm extractEntry lib/help/index.js
74 silly gunzTarPerm extractEntry lib/monitor/changed-since.js
75 silly gunzTarPerm extractEntry lib/monitor/index.js
76 silly gunzTarPerm extractEntry lib/monitor/match.js
77 silly gunzTarPerm extractEntry lib/monitor/run.js
78 silly gunzTarPerm extractEntry lib/monitor/watch.js
79 silly gunzTarPerm extractEntry lib/rules/add.js
80 silly gunzTarPerm extractEntry lib/rules/index.js
81 silly gunzTarPerm extractEntry lib/rules/parse.js
82 silly gunzTarPerm extractEntry lib/utils/bus.js
83 silly gunzTarPerm extractEntry lib/utils/clone.js
84 silly gunzTarPerm extractEntry lib/utils/colour.js
85 silly gunzTarPerm extractEntry lib/utils/index.js
86 silly gunzTarPerm extractEntry lib/utils/log.js
87 silly gunzTarPerm extractEntry lib/utils/merge.js
88 silly gunzTarPerm extractEntry CONTRIBUTING.md
89 silly gunzTarPerm extractEntry web/index.js
90 silly gunzTarPerm extractEntry web/index.html
91 silly lockFile 1cfe5a7a-00284-0-4014381228480488-package tar:///home/gleki/tmp/npm-31024-re-Nq2mm/1407338700284-0.4014381228480488/package
92 silly lockFile 1cfe5a7a-00284-0-4014381228480488-package tar:///home/gleki/tmp/npm-31024-re-Nq2mm/1407338700284-0.4014381228480488/package
93 silly lockFile 731fcec4-00284-0-4014381228480488-tmp-tgz tar:///home/gleki/tmp/npm-31024-re-Nq2mm/1407338700284-0.4014381228480488/tmp.tgz
94 silly lockFile 731fcec4-00284-0-4014381228480488-tmp-tgz tar:///home/gleki/tmp/npm-31024-re-Nq2mm/1407338700284-0.4014381228480488/tmp.tgz
95 verbose tar pack [ '/home/gleki/.npm/nodemon/1.2.1/package.tgz',
95 verbose tar pack   '/home/gleki/tmp/npm-31024-re-Nq2mm/1407338700284-0.4014381228480488/package' ]
96 verbose tarball /home/gleki/.npm/nodemon/1.2.1/package.tgz
97 verbose folder /home/gleki/tmp/npm-31024-re-Nq2mm/1407338700284-0.4014381228480488/package
98 silly lockFile 1cfe5a7a-00284-0-4014381228480488-package tar:///home/gleki/tmp/npm-31024-re-Nq2mm/1407338700284-0.4014381228480488/package
99 verbose lock tar:///home/gleki/tmp/npm-31024-re-Nq2mm/1407338700284-0.4014381228480488/package /home/gleki/.npm/1cfe5a7a-00284-0-4014381228480488-package.lock
100 silly lockFile 98f27666-ki-npm-nodemon-1-2-1-package-tgz tar:///home/gleki/.npm/nodemon/1.2.1/package.tgz
101 verbose lock tar:///home/gleki/.npm/nodemon/1.2.1/package.tgz /home/gleki/.npm/98f27666-ki-npm-nodemon-1-2-1-package-tgz.lock
102 silly lockFile 1cfe5a7a-00284-0-4014381228480488-package tar:///home/gleki/tmp/npm-31024-re-Nq2mm/1407338700284-0.4014381228480488/package
103 silly lockFile 1cfe5a7a-00284-0-4014381228480488-package tar:///home/gleki/tmp/npm-31024-re-Nq2mm/1407338700284-0.4014381228480488/package
104 silly lockFile 98f27666-ki-npm-nodemon-1-2-1-package-tgz tar:///home/gleki/.npm/nodemon/1.2.1/package.tgz
105 silly lockFile 98f27666-ki-npm-nodemon-1-2-1-package-tgz tar:///home/gleki/.npm/nodemon/1.2.1/package.tgz
106 silly lockFile 293558ea--gleki-npm-nodemon-1-2-1-package /home/gleki/.npm/nodemon/1.2.1/package
107 verbose lock /home/gleki/.npm/nodemon/1.2.1/package /home/gleki/.npm/293558ea--gleki-npm-nodemon-1-2-1-package.lock
108 silly lockFile 293558ea--gleki-npm-nodemon-1-2-1-package /home/gleki/.npm/nodemon/1.2.1/package
109 silly lockFile 293558ea--gleki-npm-nodemon-1-2-1-package /home/gleki/.npm/nodemon/1.2.1/package
110 verbose tar unpack /home/gleki/.npm/nodemon/1.2.1/package.tgz
111 silly lockFile 22c750ea--gleki-npm-nodemon-1-2-1-package tar:///home/gleki/.npm/nodemon/1.2.1/package
112 verbose lock tar:///home/gleki/.npm/nodemon/1.2.1/package /home/gleki/.npm/22c750ea--gleki-npm-nodemon-1-2-1-package.lock
113 silly lockFile 98f27666-ki-npm-nodemon-1-2-1-package-tgz tar:///home/gleki/.npm/nodemon/1.2.1/package.tgz
114 verbose lock tar:///home/gleki/.npm/nodemon/1.2.1/package.tgz /home/gleki/.npm/98f27666-ki-npm-nodemon-1-2-1-package-tgz.lock
115 silly gunzTarPerm modes [ '755', '644' ]
116 silly gunzTarPerm extractEntry package.json
117 silly gunzTarPerm extractEntry .npmignore
118 silly gunzTarPerm extractEntry README.md
119 silly gunzTarPerm extractEntry bin/nodemon.js
120 silly gunzTarPerm extractEntry .jshintrc
121 silly gunzTarPerm extractEntry .travis.yml
122 silly gunzTarPerm extractEntry doc/arch.md
123 silly gunzTarPerm extractEntry doc/cli/authors.txt
124 silly gunzTarPerm extractEntry doc/cli/config.txt
125 silly gunzTarPerm extractEntry doc/cli/help.txt
126 silly gunzTarPerm extractEntry doc/cli/logo.txt
127 silly gunzTarPerm extractEntry doc/cli/topics.txt
128 silly gunzTarPerm extractEntry doc/cli/usage.txt
129 silly gunzTarPerm extractEntry doc/cli/whoami.txt
130 silly gunzTarPerm extractEntry doc/events.md
131 silly gunzTarPerm extractEntry doc/requireable.md
132 silly gunzTarPerm extractEntry doc/rules.md
133 silly gunzTarPerm extractEntry doc/sample-nodemon.md
134 silly gunzTarPerm extractEntry faq.md
135 silly gunzTarPerm extractEntry lib/index.js
136 silly gunzTarPerm extractEntry lib/nodemon.js
137 silly gunzTarPerm extractEntry lib/version.js
138 silly gunzTarPerm extractEntry lib/cli/index.js
139 silly gunzTarPerm extractEntry lib/cli/parse.js
140 silly gunzTarPerm extractEntry lib/config/checkWatchSupport.js
141 silly gunzTarPerm extractEntry lib/config/command.js
142 silly gunzTarPerm extractEntry lib/config/defaults.js
143 silly gunzTarPerm extractEntry lib/config/exec.js
144 silly gunzTarPerm extractEntry lib/config/index.js
145 silly gunzTarPerm extractEntry lib/config/load.js
146 silly gunzTarPerm extractEntry lib/config/watchable.js
147 silly gunzTarPerm extractEntry lib/help/index.js
148 silly gunzTarPerm extractEntry lib/monitor/changed-since.js
149 silly gunzTarPerm extractEntry lib/monitor/index.js
150 silly gunzTarPerm extractEntry lib/monitor/match.js
151 silly gunzTarPerm extractEntry lib/monitor/run.js
152 silly gunzTarPerm extractEntry lib/monitor/watch.js
153 silly gunzTarPerm extractEntry lib/rules/add.js
154 silly gunzTarPerm extractEntry lib/rules/index.js
155 silly gunzTarPerm extractEntry lib/rules/parse.js
156 silly gunzTarPerm extractEntry lib/utils/bus.js
157 silly gunzTarPerm extractEntry lib/utils/clone.js
158 silly gunzTarPerm extractEntry lib/utils/colour.js
159 silly gunzTarPerm extractEntry lib/utils/index.js
160 silly gunzTarPerm extractEntry lib/utils/log.js
161 silly gunzTarPerm extractEntry lib/utils/merge.js
162 silly gunzTarPerm extractEntry CONTRIBUTING.md
163 silly gunzTarPerm extractEntry web/index.js
164 silly gunzTarPerm extractEntry web/index.html
165 silly lockFile 22c750ea--gleki-npm-nodemon-1-2-1-package tar:///home/gleki/.npm/nodemon/1.2.1/package
166 silly lockFile 22c750ea--gleki-npm-nodemon-1-2-1-package tar:///home/gleki/.npm/nodemon/1.2.1/package
167 silly lockFile 98f27666-ki-npm-nodemon-1-2-1-package-tgz tar:///home/gleki/.npm/nodemon/1.2.1/package.tgz
168 silly lockFile 98f27666-ki-npm-nodemon-1-2-1-package-tgz tar:///home/gleki/.npm/nodemon/1.2.1/package.tgz
169 verbose chmod /home/gleki/.npm/nodemon/1.2.1/package.tgz 644
170 verbose chown /home/gleki/.npm/nodemon/1.2.1/package.tgz [ 1072, 1072 ]
171 silly lockFile 85afaeac-js-org-nodemon-nodemon-1-2-1-tgz https://registry.npmjs.org/nodemon/-/nodemon-1.2.1.tgz
172 silly lockFile 85afaeac-js-org-nodemon-nodemon-1-2-1-tgz https://registry.npmjs.org/nodemon/-/nodemon-1.2.1.tgz
173 silly lockFile 891e98f0-nodemon-1-2-1 nodemon@1.2.1
174 silly lockFile 891e98f0-nodemon-1-2-1 nodemon@1.2.1
175 silly lockFile 4f5e51c6-nodemon nodemon@
176 silly lockFile 4f5e51c6-nodemon nodemon@
177 silly resolved [ { name: 'nodemon',
177 silly resolved     homepage: 'http://nodemon.io',
177 silly resolved     author: { name: 'Remy Sharp', url: 'http://github.com/remy' },
177 silly resolved     bin: { nodemon: './bin/nodemon.js' },
177 silly resolved     engines: { node: '>=0.8' },
177 silly resolved     repository: { type: 'git', url: 'http://github.com/remy/nodemon.git' },
177 silly resolved     description: 'Simple monitor script for use during development of a node.js app.',
177 silly resolved     keywords:
177 silly resolved      [ 'monitor',
177 silly resolved        'development',
177 silly resolved        'restart',
177 silly resolved        'autoload',
177 silly resolved        'reload',
177 silly resolved        'terminal' ],
177 silly resolved     version: '1.2.1',
177 silly resolved     preferGlobal: 'true',
177 silly resolved     licenses: [ [Object] ],
177 silly resolved     main: './lib/nodemon',
177 silly resolved     scripts:
177 silly resolved      { coverage: 'istanbul cover _mocha -- --timeout 30000 --ui bdd --reporter list test/**/*.test.js',
177 silly resolved        test: 'node_modules/mocha/bin/_mocha --timeout 30000 --ui bdd test/**/*.test.js',
177 silly resolved        web: 'node web' },
177 silly resolved     devDependencies:
177 silly resolved      { connect: '~2.19.1',
177 silly resolved        mocha: '~1.20.0',
177 silly resolved        should: '~4.0.0',
177 silly resolved        istanbul: '~0.2.10',
177 silly resolved        touch: '~0.0.3',
177 silly resolved        'coffee-script': '~1.7.1' },
177 silly resolved     dependencies:
177 silly resolved      { 'update-notifier': '~0.1.8',
177 silly resolved        minimatch: '~0.3.0',
177 silly resolved        'ps-tree': '~0.0.3' },
177 silly resolved     readme: '![nodemon logo](http://nodemon.io/nodemon.png)\n\n# nodemon\n\n[![Flattr this](http://api.flattr.com/button/flattr-badge-large.png)](http://flattr.com/thing/1211372/remynodemon-on-GitHub)\n\nFor use during development of a node.js based application.\n\nnodemon will watch the files in the directory that nodemon was started, and if they change, it will automatically restart your node application.\n\nnodemon does **not** require *any* changes to your code or method of development. nodemon simply wraps your node application and keeps an eye on any files that have changed. Remember that nodemon is a replacement wrapper for `node`, think of it as replacing the word "node" on the command line when you run your script.\n\n[![NPM version](https://badge.fury.io/js/nodemon.svg)](http://badge.fury.io/js/nodemon)\n[![Travis Status](https://travis-ci.org/remy/nodemon.svg)](https://travis-ci.org/remy/nodemon)\n\n# Installation\n\nEither through forking or by using [npm](http://npmjs.org) (the recommended way):\n\n    npm install -g nodemon\n\nAnd nodemon will be installed in to your bin path. Note that as of npm v1, you must explicitly tell npm to install globally as nodemon is a command line utility.\n\n# Usage\n\nnodemon wraps your application, so you can pass all the arguments you would normally pass to your app:\n\n    nodemon [your node app]\n\nFor CLI options, use the `-h` (or `--help`) argument:\n\n    nodemon -h\n\nUsing nodemon is simple, if my application accepted a host and port as the arguments, I would start it as so:\n\n    nodemon ./server.js localhost 8080\n\nAny output from this script is prefixed with `[nodemon]`, otherwise all output from your application, errors included, will be echoed out as expected.\n\nnodemon also supports running and monitoring [coffee-script](http://jashkenas.github.com/coffee-script/) apps:\n\n    nodemon server.coffee\n\nIf no script is given, nodemon will test for a `package.json` file and if found, will run the file associated with the *main* property ([ref](https://github.com/remy/nodemon/issues/14)).\n\nYou can also pass the debug flag to node through the command line as you would normally:\n\n    nodemon --debug ./server.js 80\n\nIf you have a `package.json` file for your app, you can omit the main script entirely and nodemon will read the `package.json` for the `main` property and use that value as the app.\n\nnodemon will also search for the `scripts.start` property in `package.json` (as of nodemon 1.1.x).\n\nAlso check out the [FAQ](https://github.com/remy/nodemon/blob/master/faq.md) or [issues](https://github.com/remy/nodemon/issues) for nodemon.\n\n## Automatic re-running\n\nnodemon was original written to restart hanging processes such as web servers, but now supports apps that cleanly exit. If your script exits cleanly, nodemon will continue to monitor the directory (or directories) and restart the script if there are any changes.\n\n## Manual restarting\n\nWhilst nodemon is running, if you need to manually restart your application, instead of stopping and restart nodemon, you can simply type `rs` with a carriage return, and nodemon will restart your process.\n\n## Config files\n\nnodemon supports local and global configuration files. These are named `nodemon.json` and can be located in the current working directory or in your home directory.\n\nThe specificity is as follows, so that a command line argument will always override the config file settings:\n\n- command line arguments\n- local config\n- global config\n\nA config file can take any of the command line arguments as JSON key values, for example:\n\n    {\n      "verbose": true,\n      "ignore": ["*.test.js", "fixtures/*"],\n      "execMap": {\n        "rb": "ruby",\n        "pde": "processing --sketch={{pwd}} --run"\n      }\n    }\n\nThe above `nodemon.json` file might be my global config so that I have support for ruby files and processing files, and I can simply run `nodemon demo.pde` and nodemon will automatically know how to run the script even though out of the box support for processing scripts.\n\nA further example of options can be seen in [sample-nodemon.md](https://github.com/remy/nodemon/blob/master/doc/sample-nodemon.md)\n\n*This section needs better documentation, but for now you can also see `nodemon --help config` ([also here](https://github.com/remy/nodemon/blob/master/doc/cli/config.txt))*.\n\n## Using nodemon as a module\n\nPlease see [doc/requireable.md](doc/requireable.md)\n\n## Running non-node scripts\n\nnodemon can also be used to execute and monitor other programs. nodemon will read the file extension of the script being run and monitor that extension instead of .js if there\'s no .nodemonignore:\n\n    nodemon --exec "python -v" ./app.py\n\nNow nodemon will run `app.py` with python in verbose mode (note that if you\'re not passing args to the exec program, you don\'t need the quotes), and look for new or modified files with the `.py` extension.\n\n### Default executables\n\nUsing the `nodemon.json` config file, you can define your own default executables using the `execMap` property. This is particularly useful if you\'re working with a language that isn\'t supported by default by nodemon.\n\nTo add support for nodemon to know about the .pl extension (for Perl), the nodemon.json file would add:\n\n    {\n      "execMap": {\n         "pl": "perl"\n      }\n    }\n\nNow running the following, nodemon will know to use `perl` as the executable:\n\n    nodemon script.pl\n\nIt\'s generally recommended to use the global `nodemon.json` to add your own `execMap` options. However, if there\'s a common default that\'s missing, this can be merged in to the project so that nodemon supports it by default, by changing [default.js](https://github.com/remy/nodemon/blob/master/lib/config/defaults.js) and sending a pull request.\n\n## Monitoring multiple directories\n\nBy default nodemon monitors the current working directory. If you want to take control of that option, use the `--watch` option to add specific paths:\n\n    nodemon --watch app --watch libs app/server.js\n\nNow nodemon will only restart if there are changes in the `./app` or `./libs` directory. By default nodemon will traverse sub-directories, so there\'s no need in explicitly including sub-directories.\n\n## Specifying extension watch list\n\nBy default, nodemon looks for files with the `.js`, `.coffee`, and `.litcoffee` extensions. If you use the `--exec` option and monitor `app.py` nodemon will monitor files with the extension of `.py`. However, you can specify your own list with the `-e` (or `--ext`) switch like so:\n\n    nodemon -e js,jade\n\nNow nodemon will restart on any changes to files in the directory (or subdirectories) with the extensions .js, .jade.\n\n## Ignoring files\n\nBy default, nodemon will only restart when a `.js` JavaScript file changes. In some cases you will want to ignore some specific files, directories or file patterns, to prevent nodemon from prematurely restarting your application.\n\nThis can be done via the command line:\n\n    nodemon --ignore lib/ --ignore tests/\n\nOr specific files can be ignored:\n\n    nodemon --ignore lib/app.js\n\nPatterns can also be ignored (but be sure to quote the arguments):\n\n    nodemon --ignore \'lib/*.js\'\n\nNote that by default, nodemon will ignore the `.git`, `node_modules`, `bower_components` and `.sass-cache` directories.\n\n## Delaying restarting\n\nIn some situations, you may want to wait until a number of files have changed. The timeout before checking for new file changes is 1 second. If you\'re uploading a number of files and it\'s taking some number of seconds, this could cause your app to restart multiple times unnecessarily.\n\nTo add an extra throttle, or delay restarting, use the `--delay` command:\n\n    nodemon --delay 10 server.js\n\nFor more precision, milliseconds can be specified.  Either as a float:\n\n    nodemon --delay 2.5 server.js\n\nOr using the time specifier (ms):\n\n    nodemon --delay 2500ms server.js\n\nThe delay figure is number of seconds (or milliseconds, if specified) to delay before restarting. So nodemon will only restart your app the given number of seconds after the *last* file change.\n\n## Controlling shutdown of your script\n\nnodemon sends a kill signal to your application when it sees a file update. If you need to clean up on shutdown inside your script you can capture the kill signal and handle it yourself.\n\nThe following example will listen once for the `SIGUSR2` signal (used by nodemon to restart), run the clean up process and then kill itself for nodemon to continue control:\n\n    process.once(\'SIGUSR2\', function () {\n      gracefulShutdown(function () {\n        process.kill(process.pid, \'SIGUSR2\');\n      });\n    });\n\nNote that the `process.kill` is *only* called once your shutdown jobs are complete. Hat tip to [Benjie Gillam](http://www.benjiegillam.com/2011/08/node-js-clean-restart-and-faster-development-with-nodemon/) for writing this technique up.\n\n## Pipe output to somewhere else\n\n```js\nnodemon({\n  script: ...,\n  stdout: false // important: this tells nodemon not to output to console\n}).on(\'readable\', function() { // the `readable` event indicates that data is ready to pick up\n  this.stdout.pipe(fs.createWriteStream(\'output.txt\'));\n  this.stderr.pipe(fs.createWriteStream(\'err.txt\'));\n});\n```\n\n## Using nodemon in your gulp workflow\n\nCheck out the [gulp-nodemon](https://github.com/JacksonGariety/gulp-nodemon) plugin to integrate nodemon with the rest of your project\'s gulp workflow.\n\n## Using nodemon in your Grunt workflow\n\nCheck out the [grunt-nodemon](https://github.com/ChrisWren/grunt-nodemon) plugin to integrate nodemon with the rest of your project\'s grunt workflow.\n\n# License\n\nMIT [http://rem.mit-license.org](http://rem.mit-license.org)\n\n# Contributors\n\n* [remy](https://github.com/remy)\n* [ChrisWren](https://github.com/ChrisWren)\n* [dylanmcd](https://github.com/dylanmcd)\n* [fearphage](https://github.com/fearphage)\n* [pasindud](https://github.com/pasindud)\n* [coen-hyde](https://github.com/coen-hyde)\n* [shawncplus](https://github.com/shawncplus)\n* [albertnetymk](https://github.com/albertnetymk)\n* [theredcoder](https://github.com/theredcoder)\n* [aivopaas](https://github.com/aivopaas)\n* [haircuttedfreak](https://github.com/haircuttedfreak)\n* [jdavis](https://github.com/jdavis)\n* [binarykitchen](https://github.com/binarykitchen)\n* [kuba-kubula](https://github.com/kuba-kubula)\n* [vadimi](https://github.com/vadimi)\n* [mentatxx](https://github.com/mentatxx)\n* [bryankaplan](https://github.com/bryankaplan)\n* [lordnox](https://github.com/lordnox)\n* [jaredhanson](https://github.com/jaredhanson)\n* [skaushik92](https://github.com/skaushik92)\n* [twolfson](https://github.com/twolfson)\n* [chrisklaiber](https://github.com/chrisklaiber)\n* [wasche](https://github.com/wasche)\n* [nuxlli](https://github.com/nuxlli)\n* [mvasilkov](https://github.com/mvasilkov)\n* [morganrallen](https://github.com/morganrallen)\n* [DennisKehrig](https://github.com/DennisKehrig)\n* [sahat](https://github.com/sahat)\n* [didoarellano](https://github.com/didoarellano)\n* [arielyang](https://github.com/arielyang)\n* [ZombieHippie](https://github.com/ZombieHippie)\n* [mikemaccana](https://github.com/mikemaccana)\n* [paularmstrong](https://github.com/paularmstrong)\n* [sainaen](https://github.com/sainaen)\n* [matthew-andrews](https://github.com/matthew-andrews)\n* [SlexAxton](https://github.com/SlexAxton)\n* [davedoesdev](https://github.com/davedoesdev)\n* [rps](https://github.com/rps)\n* [pauloadaoag](https://github.com/pauloadaoag)\n* [focusaurus](https://github.com/focusaurus)\n',
177 silly resolved     readmeFilename: 'README.md',
177 silly resolved     bugs: { url: 'https://github.com/remy/nodemon/issues' },
177 silly resolved     _id: 'nodemon@1.2.1',
177 silly resolved     dist: { shasum: 'a9288be6e054208fc5db9d62f3ca45f5f2a735c9' },
177 silly resolved     _from: 'nodemon@',
177 silly resolved     _resolved: 'https://registry.npmjs.org/nodemon/-/nodemon-1.2.1.tgz' } ]
178 info install nodemon@1.2.1 into /usr/lib
179 info installOne nodemon@1.2.1
180 info /usr/lib/node_modules/nodemon unbuild
181 verbose tar unpack /home/gleki/.npm/nodemon/1.2.1/package.tgz
182 silly lockFile f069062d-tar-usr-lib-node-modules-nodemon tar:///usr/lib/node_modules/nodemon
183 verbose lock tar:///usr/lib/node_modules/nodemon /home/gleki/.npm/f069062d-tar-usr-lib-node-modules-nodemon.lock
184 silly lockFile 98f27666-ki-npm-nodemon-1-2-1-package-tgz tar:///home/gleki/.npm/nodemon/1.2.1/package.tgz
185 verbose lock tar:///home/gleki/.npm/nodemon/1.2.1/package.tgz /home/gleki/.npm/98f27666-ki-npm-nodemon-1-2-1-package-tgz.lock
186 silly gunzTarPerm modes [ '755', '644' ]
187 error Error: EACCES, mkdir '/usr/lib/node_modules/nodemon'
187 error  { [Error: EACCES, mkdir '/usr/lib/node_modules/nodemon']
187 error   errno: 3,
187 error   code: 'EACCES',
187 error   path: '/usr/lib/node_modules/nodemon',
187 error   fstream_type: 'Directory',
187 error   fstream_path: '/usr/lib/node_modules/nodemon',
187 error   fstream_class: 'DirWriter',
187 error   fstream_stack:
187 error    [ '/usr/lib/node_modules/fstream/lib/dir-writer.js:36:23',
187 error      '/usr/lib/node_modules/mkdirp/index.js:37:53',
187 error      'Object.oncomplete (fs.js:107:15)' ] }
188 error Please try running this command again as root/Administrator.
189 error System Linux 3.11.6-200.fc19.x86_64
190 error command "node" "/usr/bin/npm" "install" "-g" "nodemon"
191 error cwd /home/gleki/public_html/mediawiki-1.19.2/extensions/ilmentufa
192 error node -v v0.10.25
193 error npm -v 1.3.6
194 error path /usr/lib/node_modules/nodemon
195 error fstream_path /usr/lib/node_modules/nodemon
196 error fstream_type Directory
197 error fstream_class DirWriter
198 error code EACCES
199 error errno 3
200 error stack Error: EACCES, mkdir '/usr/lib/node_modules/nodemon'
201 error fstream_stack /usr/lib/node_modules/fstream/lib/dir-writer.js:36:23
201 error fstream_stack /usr/lib/node_modules/mkdirp/index.js:37:53
201 error fstream_stack Object.oncomplete (fs.js:107:15)
202 verbose exit [ 3, true ]
